#
# There is insufficient memory for the Java Runtime Environment to continue.
# Native memory allocation (malloc) failed to allocate 1048576 bytes for AllocateHeap
# Possible reasons:
#   The system is out of physical RAM or swap space
#   In 32 bit mode, the process size limit was hit
# Possible solutions:
#   Reduce memory load on the system
#   Increase physical memory or swap space
#   Check if swap backing store is full
#   Use 64 bit Java on a 64 bit OS
#   Decrease Java heap size (-Xmx/-Xms)
#   Decrease number of Java threads
#   Decrease Java thread stack sizes (-Xss)
#   Set larger code cache with -XX:ReservedCodeCacheSize=
# This output file may be truncated or incomplete.
#
#  Out of Memory Error (memory/allocation.inline.hpp:61), pid=21756, tid=0x000000000000681c
#
# JRE version:  (8.0_162-b12) (build )
# Java VM: Java HotSpot(TM) 64-Bit Server VM (25.162-b12 mixed mode windows-amd64 compressed oops)
# Failed to write core dump. Minidumps are not enabled by default on client versions of Windows
#

---------------  T H R E A D  ---------------

Current thread (0x0000000003653000):  JavaThread "Unknown thread" [_thread_in_vm, id=26652, stack(0x0000000003550000,0x0000000003650000)]

Stack: [0x0000000003550000,0x0000000003650000]
[error occurred during error reporting (printing stack bounds), id 0xc0000005]

Native frames: (J=compiled Java code, j=interpreted, Vv=VM code, C=native code)


---------------  P R O C E S S  ---------------

Java Threads: ( => current thread )

Other Threads:

=>0x0000000003653000 (exited) JavaThread "Unknown thread" [_thread_in_vm, id=26652, stack(0x0000000003550000,0x0000000003650000)]

VM state:not at safepoint (normal execution)

VM Mutex/Monitor currently owned by a thread: None

Heap:
 PSYoungGen      total 76288K, used 1310K [0x000000076b300000, 0x0000000770800000, 0x00000007c0000000)
  eden space 65536K, 2% used [0x000000076b300000,0x000000076b447af0,0x000000076f300000)
  from space 10752K, 0% used [0x000000076fd80000,0x000000076fd80000,0x0000000770800000)
  to   space 10752K, 0% used [0x000000076f300000,0x000000076f300000,0x000000076fd80000)
 ParOldGen       total 175104K, used 0K [0x00000006c1800000, 0x00000006cc300000, 0x000000076b300000)
  object space 175104K, 0% used [0x00000006c1800000,0x00000006c1800000,0x00000006cc300000)
 Metaspace       used 770K, capacity 4480K, committed 4480K, reserved 1056768K
  class space    used 75K, capacity 384K, committed 384K, reserved 1048576K

Card table byte_map: [0x0000000012b10000,0x0000000013310000] byte_map_base: 0x000000000f504000

Marking Bits: (ParMarkBitMap*) 0x00000000677f0860
 Begin Bits: [0x0000000014060000, 0x0000000018000000)
 End Bits:   [0x0000000018000000, 0x000000001bfa0000)

Polling page: 0x0000000000ff0000

CodeCache: size=245760Kb used=328Kb max_used=328Kb free=245431Kb
 bounds [0x0000000003750000, 0x00000000039c0000, 0x0000000012750000]
 total_blobs=58 nmethods=0 adapters=38
 compilation: enabled

Compilation events (0 events):
No events

GC Heap History (0 events):
No events

Deoptimization events (0 events):
No events

Classes redefined (0 events):
No events

Internal exceptions (0 events):
No events

Events (10 events):
Event: 0.038 loading class java/lang/Short
Event: 0.038 loading class java/lang/Short done
Event: 0.038 loading class java/lang/Integer
Event: 0.039 loading class java/lang/Integer done
Event: 0.039 loading class java/lang/Long
Event: 0.039 loading class java/lang/Long done
Event: 0.039 loading class java/lang/NullPointerException
Event: 0.039 loading class java/lang/NullPointerException done
Event: 0.039 loading class java/lang/ArithmeticException
Event: 0.039 loading class java/lang/ArithmeticException done


Dynamic libraries:
0x00007ff7a37c0000 - 0x00007ff7a37f7000 	C:\Program Files\Java\jdk1.8.0_162\jre\bin\java.exe
0x00007ffc0b610000 - 0x00007ffc0b805000 	C:\WINDOWS\SYSTEM32\ntdll.dll
0x00007ffc0b410000 - 0x00007ffc0b4ce000 	C:\WINDOWS\System32\KERNEL32.DLL
0x00007ffc08d80000 - 0x00007ffc09048000 	C:\WINDOWS\System32\KERNELBASE.dll
0x00007ffc0aa70000 - 0x00007ffc0ab1e000 	C:\WINDOWS\System32\ADVAPI32.dll
0x00007ffc0b2a0000 - 0x00007ffc0b33e000 	C:\WINDOWS\System32\msvcrt.dll
0x00007ffc0b190000 - 0x00007ffc0b22c000 	C:\WINDOWS\System32\sechost.dll
0x00007ffc098d0000 - 0x00007ffc099f5000 	C:\WINDOWS\System32\RPCRT4.dll
0x00007ffc09a00000 - 0x00007ffc09ba0000 	C:\WINDOWS\System32\USER32.dll
0x00007ffc09110000 - 0x00007ffc09132000 	C:\WINDOWS\System32\win32u.dll
0x00007ffc0b100000 - 0x00007ffc0b12a000 	C:\WINDOWS\System32\GDI32.dll
0x00007ffc093f0000 - 0x00007ffc094fb000 	C:\WINDOWS\System32\gdi32full.dll
0x00007ffc091f0000 - 0x00007ffc0928d000 	C:\WINDOWS\System32\msvcp_win.dll
0x00007ffc09570000 - 0x00007ffc09670000 	C:\WINDOWS\System32\ucrtbase.dll
0x00007ffbf3b60000 - 0x00007ffbf3dfa000 	C:\WINDOWS\WinSxS\amd64_microsoft.windows.common-controls_6595b64144ccf1df_6.0.19041.1110_none_60b5254171f9507e\COMCTL32.dll
0x00007ffc0b040000 - 0x00007ffc0b070000 	C:\WINDOWS\System32\IMM32.DLL
0x00000000692e0000 - 0x00000000692ec000 	D:\360Safe\safemon\SafeWrapper.dll
0x00007ffbf7fa0000 - 0x00007ffbf8032000 	D:\360Safe\safemon\libzdtp64.dll
0x00007ffc0a110000 - 0x00007ffc0a854000 	C:\WINDOWS\System32\SHELL32.dll
0x00007ffc0a860000 - 0x00007ffc0a8b5000 	C:\WINDOWS\System32\SHLWAPI.dll
0x00007ffc08870000 - 0x00007ffc0887a000 	C:\WINDOWS\SYSTEM32\VERSION.dll
0x0000000067870000 - 0x0000000067941000 	C:\Program Files\Java\jdk1.8.0_162\jre\bin\msvcr100.dll
0x0000000066fd0000 - 0x0000000067870000 	C:\Program Files\Java\jdk1.8.0_162\jre\bin\server\jvm.dll
0x00007ffc09670000 - 0x00007ffc09678000 	C:\WINDOWS\System32\PSAPI.DLL
0x00007ffbf1da0000 - 0x00007ffbf1dc7000 	C:\WINDOWS\SYSTEM32\WINMM.dll
0x00007ffbf1d90000 - 0x00007ffbf1d99000 	C:\WINDOWS\SYSTEM32\WSOCK32.dll
0x00007ffc09ba0000 - 0x00007ffc09c0b000 	C:\WINDOWS\System32\WS2_32.dll
0x0000000066fc0000 - 0x0000000066fcf000 	C:\Program Files\Java\jdk1.8.0_162\jre\bin\verify.dll
0x0000000066f90000 - 0x0000000066fb9000 	C:\Program Files\Java\jdk1.8.0_162\jre\bin\java.dll
0x0000000066f70000 - 0x0000000066f86000 	C:\Program Files\Java\jdk1.8.0_162\jre\bin\zip.dll

VM Arguments:
java_command: C:\Users\∫Ó≈Û≥…\AppData\Local\Temp\surefire4484084635432416423\surefirebooter6392595326378000413.jar C:\Users\∫Ó≈Û≥…\AppData\Local\Temp\surefire4484084635432416423 2022-04-27T10-47-25_369-jvmRun1 surefire2350396736823862434tmp surefire_08931266947695590364tmp
java_class_path (initial): C:\Users\∫Ó≈Û≥…\AppData\Local\Temp\surefire4484084635432416423\surefirebooter6392595326378000413.jar
Launcher Type: SUN_STANDARD

Environment Variables:
JAVA_HOME=C:\Program Files\Java\jdk1.8.0_162
CLASSPATH=.;C:\Program Files\Java\jdk1.8.0_162\lib\dt.jar;C:\Program Files\Java\jdk1.8.0_162\lib\tools.jar;
PATH=E:\Oracle\WINDOWS.X64_193000_db_home\bin;C:\ProgramData\Oracle\Java\javapath;C:\Program Files (x86)\Intel\Intel(R) Management Engine Components\iCLS\;C:\Program Files\Intel\Intel(R) Management Engine Components\iCLS\;C:\WINDOWS\system32;C:\WINDOWS;C:\WINDOWS\System32\Wbem;C:\WINDOWS\System32\WindowsPowerShell\v1.0\;C:\WINDOWS\System32\OpenSSH\;C:\Program Files (x86)\Intel\Intel(R) Management Engine Components\DAL;C:\Program Files\Intel\Intel(R) Management Engine Components\DAL;C:\Program Files\Java\jdk1.8.0_162\bin;C:\Program Files\Java\jdk1.8.0_162\jre\bin;C:\Program Files\MySQL\MySQL Server 5.5\bin;C:\Program Files\maven\apache-maven-3.5.3\bin;C:\Program Files\erl9.2\bin;C:\Program Files\RabbitMQ\rabbitmq_server-3.7.7\sbin\sbin;D:\mysql\Mysql\bin;E:\Git\cmd;E:\software\nodejs\;C:\Users\∫Ó≈Û≥…\AppData\Local\Microsoft\WindowsApps;D:\Bandizip\;C:\Program Files\JetBrains\IntelliJ IDEA 2018.3.5\bin;D:\Yonyou\Microsoft VS Code\bin;C:\Users\∫Ó≈Û≥…\AppData\Local\Microsoft\WindowsApps;C:\Users\∫Ó≈Û≥…\AppData\Roaming\npm
USERNAME=hpc
OS=Windows_NT
PROCESSOR_IDENTIFIER=Intel64 Family 6 Model 142 Stepping 10, GenuineIntel



---------------  S Y S T E M  ---------------

OS: Windows 10.0 , 64 bit Build 19041 (10.0.19041.1645)

CPU:total 8 (initial active 8) (4 cores per cpu, 2 threads per core) family 6 model 142 stepping 10, cmov, cx8, fxsr, mmx, sse, sse2, sse3, ssse3, sse4.1, sse4.2, popcnt, avx, avx2, clmul, erms, 3dnowpref, lzcnt, ht, tsc, tscinvbit, bmi1, bmi2, adx

Memory: 4k page, physical 16676436k(4958088k free), swap 24868436k(5868k free)

vm_info: Java HotSpot(TM) 64-Bit Server VM (25.162-b12) for windows-amd64 JRE (1.8.0_162-b12), built on Dec 19 2017 20:00:03 by "java_re" with MS VC++ 10.0 (VS2010)

time: Wed Apr 27 10:47:26 2022
elapsed time: 0 seconds (0d 0h 0m 0s)

